[0.295s] Invoking command in '/home/fourfold/dev/inmind sessions/inmind-session-5/session-5-assignment-firas/ros2_assignment/src/temp_monitor': PYTHONPATH=/home/fourfold/dev/inmind sessions/inmind-session-5/session-5-assignment-firas/ros2_assignment/build/temp_monitor/prefix_override:/usr/lib/python3/dist-packages/colcon_core/task/python/colcon_distutils_commands:/home/fourfold/dev/inmind sessions/inmind-session-5/session-5-assignment-firas/ros2_assignment/install/temp_monitor/lib/python3.10/site-packages:${PYTHONPATH} /usr/bin/python3 -W ignore:setup.py install is deprecated setup.py egg_info --egg-base ../../build/temp_monitor build --build-base /home/fourfold/dev/inmind sessions/inmind-session-5/session-5-assignment-firas/ros2_assignment/build/temp_monitor/build install --record /home/fourfold/dev/inmind sessions/inmind-session-5/session-5-assignment-firas/ros2_assignment/build/temp_monitor/install.log --single-version-externally-managed install_data
[0.412s] running egg_info
[0.412s] writing ../../build/temp_monitor/temp_monitor.egg-info/PKG-INFO
[0.412s] writing dependency_links to ../../build/temp_monitor/temp_monitor.egg-info/dependency_links.txt
[0.413s] writing entry points to ../../build/temp_monitor/temp_monitor.egg-info/entry_points.txt
[0.413s] writing requirements to ../../build/temp_monitor/temp_monitor.egg-info/requires.txt
[0.413s] writing top-level names to ../../build/temp_monitor/temp_monitor.egg-info/top_level.txt
[0.413s] reading manifest file '../../build/temp_monitor/temp_monitor.egg-info/SOURCES.txt'
[0.414s] writing manifest file '../../build/temp_monitor/temp_monitor.egg-info/SOURCES.txt'
[0.414s] running build
[0.414s] running build_py
[0.414s] copying temp_monitor/temperature_logger.py -> /home/fourfold/dev/inmind sessions/inmind-session-5/session-5-assignment-firas/ros2_assignment/build/temp_monitor/build/lib/temp_monitor
[0.414s] running install
[0.414s] running install_lib
[0.415s] copying /home/fourfold/dev/inmind sessions/inmind-session-5/session-5-assignment-firas/ros2_assignment/build/temp_monitor/build/lib/temp_monitor/temperature_logger.py -> /home/fourfold/dev/inmind sessions/inmind-session-5/session-5-assignment-firas/ros2_assignment/install/temp_monitor/lib/python3.10/site-packages/temp_monitor
[0.415s] byte-compiling /home/fourfold/dev/inmind sessions/inmind-session-5/session-5-assignment-firas/ros2_assignment/install/temp_monitor/lib/python3.10/site-packages/temp_monitor/temperature_logger.py to temperature_logger.cpython-310.pyc
[0.415s] running install_data
[0.416s] running install_egg_info
[0.416s] removing '/home/fourfold/dev/inmind sessions/inmind-session-5/session-5-assignment-firas/ros2_assignment/install/temp_monitor/lib/python3.10/site-packages/temp_monitor-0.0.0-py3.10.egg-info' (and everything under it)
[0.417s] Copying ../../build/temp_monitor/temp_monitor.egg-info to /home/fourfold/dev/inmind sessions/inmind-session-5/session-5-assignment-firas/ros2_assignment/install/temp_monitor/lib/python3.10/site-packages/temp_monitor-0.0.0-py3.10.egg-info
[0.417s] running install_scripts
[0.430s] Installing alert script to /home/fourfold/dev/inmind sessions/inmind-session-5/session-5-assignment-firas/ros2_assignment/install/temp_monitor/lib/temp_monitor
[0.430s] Installing temperature_alert script to /home/fourfold/dev/inmind sessions/inmind-session-5/session-5-assignment-firas/ros2_assignment/install/temp_monitor/lib/temp_monitor
[0.430s] Installing temperature_logger script to /home/fourfold/dev/inmind sessions/inmind-session-5/session-5-assignment-firas/ros2_assignment/install/temp_monitor/lib/temp_monitor
[0.430s] Installing temperature_sensor script to /home/fourfold/dev/inmind sessions/inmind-session-5/session-5-assignment-firas/ros2_assignment/install/temp_monitor/lib/temp_monitor
[0.430s] writing list of installed files to '/home/fourfold/dev/inmind sessions/inmind-session-5/session-5-assignment-firas/ros2_assignment/build/temp_monitor/install.log'
[0.444s] Invoked command in '/home/fourfold/dev/inmind sessions/inmind-session-5/session-5-assignment-firas/ros2_assignment/src/temp_monitor' returned '0': PYTHONPATH=/home/fourfold/dev/inmind sessions/inmind-session-5/session-5-assignment-firas/ros2_assignment/build/temp_monitor/prefix_override:/usr/lib/python3/dist-packages/colcon_core/task/python/colcon_distutils_commands:/home/fourfold/dev/inmind sessions/inmind-session-5/session-5-assignment-firas/ros2_assignment/install/temp_monitor/lib/python3.10/site-packages:${PYTHONPATH} /usr/bin/python3 -W ignore:setup.py install is deprecated setup.py egg_info --egg-base ../../build/temp_monitor build --build-base /home/fourfold/dev/inmind sessions/inmind-session-5/session-5-assignment-firas/ros2_assignment/build/temp_monitor/build install --record /home/fourfold/dev/inmind sessions/inmind-session-5/session-5-assignment-firas/ros2_assignment/build/temp_monitor/install.log --single-version-externally-managed install_data
