running egg_info
writing ../../build/temp_monitor/temp_monitor.egg-info/PKG-INFO
writing dependency_links to ../../build/temp_monitor/temp_monitor.egg-info/dependency_links.txt
writing entry points to ../../build/temp_monitor/temp_monitor.egg-info/entry_points.txt
writing requirements to ../../build/temp_monitor/temp_monitor.egg-info/requires.txt
writing top-level names to ../../build/temp_monitor/temp_monitor.egg-info/top_level.txt
reading manifest file '../../build/temp_monitor/temp_monitor.egg-info/SOURCES.txt'
writing manifest file '../../build/temp_monitor/temp_monitor.egg-info/SOURCES.txt'
running build
running build_py
copying temp_monitor/temperature_publisher.py -> /home/fourfold/dev/inmind sessions/inmind-session-5/session-5-assignment-firas/ros2_assignment/build/temp_monitor/build/lib/temp_monitor
copying temp_monitor/threshold_subscriber.py -> /home/fourfold/dev/inmind sessions/inmind-session-5/session-5-assignment-firas/ros2_assignment/build/temp_monitor/build/lib/temp_monitor
copying temp_monitor/alert_publisher.py -> /home/fourfold/dev/inmind sessions/inmind-session-5/session-5-assignment-firas/ros2_assignment/build/temp_monitor/build/lib/temp_monitor
running install
running install_lib
copying /home/fourfold/dev/inmind sessions/inmind-session-5/session-5-assignment-firas/ros2_assignment/build/temp_monitor/build/lib/temp_monitor/temperature_publisher.py -> /home/fourfold/dev/inmind sessions/inmind-session-5/session-5-assignment-firas/ros2_assignment/install/temp_monitor/lib/python3.10/site-packages/temp_monitor
copying /home/fourfold/dev/inmind sessions/inmind-session-5/session-5-assignment-firas/ros2_assignment/build/temp_monitor/build/lib/temp_monitor/threshold_subscriber.py -> /home/fourfold/dev/inmind sessions/inmind-session-5/session-5-assignment-firas/ros2_assignment/install/temp_monitor/lib/python3.10/site-packages/temp_monitor
copying /home/fourfold/dev/inmind sessions/inmind-session-5/session-5-assignment-firas/ros2_assignment/build/temp_monitor/build/lib/temp_monitor/alert_publisher.py -> /home/fourfold/dev/inmind sessions/inmind-session-5/session-5-assignment-firas/ros2_assignment/install/temp_monitor/lib/python3.10/site-packages/temp_monitor
byte-compiling /home/fourfold/dev/inmind sessions/inmind-session-5/session-5-assignment-firas/ros2_assignment/install/temp_monitor/lib/python3.10/site-packages/temp_monitor/temperature_publisher.py to temperature_publisher.cpython-310.pyc
byte-compiling /home/fourfold/dev/inmind sessions/inmind-session-5/session-5-assignment-firas/ros2_assignment/install/temp_monitor/lib/python3.10/site-packages/temp_monitor/threshold_subscriber.py to threshold_subscriber.cpython-310.pyc
byte-compiling /home/fourfold/dev/inmind sessions/inmind-session-5/session-5-assignment-firas/ros2_assignment/install/temp_monitor/lib/python3.10/site-packages/temp_monitor/alert_publisher.py to alert_publisher.cpython-310.pyc
running install_data
running install_egg_info
removing '/home/fourfold/dev/inmind sessions/inmind-session-5/session-5-assignment-firas/ros2_assignment/install/temp_monitor/lib/python3.10/site-packages/temp_monitor-0.0.0-py3.10.egg-info' (and everything under it)
Copying ../../build/temp_monitor/temp_monitor.egg-info to /home/fourfold/dev/inmind sessions/inmind-session-5/session-5-assignment-firas/ros2_assignment/install/temp_monitor/lib/python3.10/site-packages/temp_monitor-0.0.0-py3.10.egg-info
running install_scripts
Installing alert script to /home/fourfold/dev/inmind sessions/inmind-session-5/session-5-assignment-firas/ros2_assignment/install/temp_monitor/lib/temp_monitor
Installing temperature_alert script to /home/fourfold/dev/inmind sessions/inmind-session-5/session-5-assignment-firas/ros2_assignment/install/temp_monitor/lib/temp_monitor
Installing temperature_sensor script to /home/fourfold/dev/inmind sessions/inmind-session-5/session-5-assignment-firas/ros2_assignment/install/temp_monitor/lib/temp_monitor
writing list of installed files to '/home/fourfold/dev/inmind sessions/inmind-session-5/session-5-assignment-firas/ros2_assignment/build/temp_monitor/install.log'
