/home/fourfold/dev/inmind sessions/inmind-session-5/session-5-assignment-firas/ros2_assignment/install/temp_monitor/lib/python3.10/site-packages/temp_monitor/temperature_publisher.py
/home/fourfold/dev/inmind sessions/inmind-session-5/session-5-assignment-firas/ros2_assignment/install/temp_monitor/lib/python3.10/site-packages/temp_monitor/threshold_subscriber.py
/home/fourfold/dev/inmind sessions/inmind-session-5/session-5-assignment-firas/ros2_assignment/install/temp_monitor/lib/python3.10/site-packages/temp_monitor/__init__.py
/home/fourfold/dev/inmind sessions/inmind-session-5/session-5-assignment-firas/ros2_assignment/install/temp_monitor/lib/python3.10/site-packages/temp_monitor/alert_publisher.py
/home/fourfold/dev/inmind sessions/inmind-session-5/session-5-assignment-firas/ros2_assignment/install/temp_monitor/lib/python3.10/site-packages/temp_monitor/__pycache__/temperature_publisher.cpython-310.pyc
/home/fourfold/dev/inmind sessions/inmind-session-5/session-5-assignment-firas/ros2_assignment/install/temp_monitor/lib/python3.10/site-packages/temp_monitor/__pycache__/threshold_subscriber.cpython-310.pyc
/home/fourfold/dev/inmind sessions/inmind-session-5/session-5-assignment-firas/ros2_assignment/install/temp_monitor/lib/python3.10/site-packages/temp_monitor/__pycache__/__init__.cpython-310.pyc
/home/fourfold/dev/inmind sessions/inmind-session-5/session-5-assignment-firas/ros2_assignment/install/temp_monitor/lib/python3.10/site-packages/temp_monitor/__pycache__/alert_publisher.cpython-310.pyc
/home/fourfold/dev/inmind sessions/inmind-session-5/session-5-assignment-firas/ros2_assignment/install/temp_monitor/share/ament_index/resource_index/packages/temp_monitor
/home/fourfold/dev/inmind sessions/inmind-session-5/session-5-assignment-firas/ros2_assignment/install/temp_monitor/share/temp_monitor/package.xml
/home/fourfold/dev/inmind sessions/inmind-session-5/session-5-assignment-firas/ros2_assignment/install/temp_monitor/share/temp_monitor/launch/launch.py
/home/fourfold/dev/inmind sessions/inmind-session-5/session-5-assignment-firas/ros2_assignment/install/temp_monitor/lib/python3.10/site-packages/temp_monitor-0.0.0-py3.10.egg-info/SOURCES.txt
/home/fourfold/dev/inmind sessions/inmind-session-5/session-5-assignment-firas/ros2_assignment/install/temp_monitor/lib/python3.10/site-packages/temp_monitor-0.0.0-py3.10.egg-info/requires.txt
/home/fourfold/dev/inmind sessions/inmind-session-5/session-5-assignment-firas/ros2_assignment/install/temp_monitor/lib/python3.10/site-packages/temp_monitor-0.0.0-py3.10.egg-info/top_level.txt
/home/fourfold/dev/inmind sessions/inmind-session-5/session-5-assignment-firas/ros2_assignment/install/temp_monitor/lib/python3.10/site-packages/temp_monitor-0.0.0-py3.10.egg-info/entry_points.txt
/home/fourfold/dev/inmind sessions/inmind-session-5/session-5-assignment-firas/ros2_assignment/install/temp_monitor/lib/python3.10/site-packages/temp_monitor-0.0.0-py3.10.egg-info/PKG-INFO
/home/fourfold/dev/inmind sessions/inmind-session-5/session-5-assignment-firas/ros2_assignment/install/temp_monitor/lib/python3.10/site-packages/temp_monitor-0.0.0-py3.10.egg-info/zip-safe
/home/fourfold/dev/inmind sessions/inmind-session-5/session-5-assignment-firas/ros2_assignment/install/temp_monitor/lib/python3.10/site-packages/temp_monitor-0.0.0-py3.10.egg-info/dependency_links.txt
/home/fourfold/dev/inmind sessions/inmind-session-5/session-5-assignment-firas/ros2_assignment/install/temp_monitor/lib/temp_monitor/alert
/home/fourfold/dev/inmind sessions/inmind-session-5/session-5-assignment-firas/ros2_assignment/install/temp_monitor/lib/temp_monitor/temperature_alert
/home/fourfold/dev/inmind sessions/inmind-session-5/session-5-assignment-firas/ros2_assignment/install/temp_monitor/lib/temp_monitor/temperature_sensor
