[0.281s] Invoking command in '/home/fourfold/dev/inmind sessions/inmind-session-5/session-5-assignment-firas/ros2_assignment/src/temp_monitor': PYTHONPATH=/home/fourfold/dev/inmind sessions/inmind-session-5/session-5-assignment-firas/ros2_assignment/build/temp_monitor/prefix_override:/usr/lib/python3/dist-packages/colcon_core/task/python/colcon_distutils_commands:/home/fourfold/dev/inmind sessions/inmind-session-5/session-5-assignment-firas/ros2_assignment/install/temp_monitor/lib/python3.10/site-packages:${PYTHONPATH} /usr/bin/python3 -W ignore:setup.py install is deprecated setup.py egg_info --egg-base ../../build/temp_monitor build --build-base /home/fourfold/dev/inmind sessions/inmind-session-5/session-5-assignment-firas/ros2_assignment/build/temp_monitor/build install --record /home/fourfold/dev/inmind sessions/inmind-session-5/session-5-assignment-firas/ros2_assignment/build/temp_monitor/install.log --single-version-externally-managed install_data
[0.396s] running egg_info
[0.396s] writing ../../build/temp_monitor/temp_monitor.egg-info/PKG-INFO
[0.396s] writing dependency_links to ../../build/temp_monitor/temp_monitor.egg-info/dependency_links.txt
[0.396s] writing entry points to ../../build/temp_monitor/temp_monitor.egg-info/entry_points.txt
[0.396s] writing requirements to ../../build/temp_monitor/temp_monitor.egg-info/requires.txt
[0.396s] writing top-level names to ../../build/temp_monitor/temp_monitor.egg-info/top_level.txt
[0.397s] reading manifest file '../../build/temp_monitor/temp_monitor.egg-info/SOURCES.txt'
[0.398s] writing manifest file '../../build/temp_monitor/temp_monitor.egg-info/SOURCES.txt'
[0.398s] running build
[0.398s] running build_py
[0.398s] copying temp_monitor/temperature_publisher.py -> /home/fourfold/dev/inmind sessions/inmind-session-5/session-5-assignment-firas/ros2_assignment/build/temp_monitor/build/lib/temp_monitor
[0.398s] copying temp_monitor/threshold_subscriber.py -> /home/fourfold/dev/inmind sessions/inmind-session-5/session-5-assignment-firas/ros2_assignment/build/temp_monitor/build/lib/temp_monitor
[0.398s] copying temp_monitor/alert_publisher.py -> /home/fourfold/dev/inmind sessions/inmind-session-5/session-5-assignment-firas/ros2_assignment/build/temp_monitor/build/lib/temp_monitor
[0.398s] running install
[0.398s] running install_lib
[0.399s] copying /home/fourfold/dev/inmind sessions/inmind-session-5/session-5-assignment-firas/ros2_assignment/build/temp_monitor/build/lib/temp_monitor/temperature_publisher.py -> /home/fourfold/dev/inmind sessions/inmind-session-5/session-5-assignment-firas/ros2_assignment/install/temp_monitor/lib/python3.10/site-packages/temp_monitor
[0.399s] copying /home/fourfold/dev/inmind sessions/inmind-session-5/session-5-assignment-firas/ros2_assignment/build/temp_monitor/build/lib/temp_monitor/threshold_subscriber.py -> /home/fourfold/dev/inmind sessions/inmind-session-5/session-5-assignment-firas/ros2_assignment/install/temp_monitor/lib/python3.10/site-packages/temp_monitor
[0.399s] copying /home/fourfold/dev/inmind sessions/inmind-session-5/session-5-assignment-firas/ros2_assignment/build/temp_monitor/build/lib/temp_monitor/alert_publisher.py -> /home/fourfold/dev/inmind sessions/inmind-session-5/session-5-assignment-firas/ros2_assignment/install/temp_monitor/lib/python3.10/site-packages/temp_monitor
[0.399s] byte-compiling /home/fourfold/dev/inmind sessions/inmind-session-5/session-5-assignment-firas/ros2_assignment/install/temp_monitor/lib/python3.10/site-packages/temp_monitor/temperature_publisher.py to temperature_publisher.cpython-310.pyc
[0.399s] byte-compiling /home/fourfold/dev/inmind sessions/inmind-session-5/session-5-assignment-firas/ros2_assignment/install/temp_monitor/lib/python3.10/site-packages/temp_monitor/threshold_subscriber.py to threshold_subscriber.cpython-310.pyc
[0.399s] byte-compiling /home/fourfold/dev/inmind sessions/inmind-session-5/session-5-assignment-firas/ros2_assignment/install/temp_monitor/lib/python3.10/site-packages/temp_monitor/alert_publisher.py to alert_publisher.cpython-310.pyc
[0.400s] running install_data
[0.400s] running install_egg_info
[0.401s] removing '/home/fourfold/dev/inmind sessions/inmind-session-5/session-5-assignment-firas/ros2_assignment/install/temp_monitor/lib/python3.10/site-packages/temp_monitor-0.0.0-py3.10.egg-info' (and everything under it)
[0.401s] Copying ../../build/temp_monitor/temp_monitor.egg-info to /home/fourfold/dev/inmind sessions/inmind-session-5/session-5-assignment-firas/ros2_assignment/install/temp_monitor/lib/python3.10/site-packages/temp_monitor-0.0.0-py3.10.egg-info
[0.401s] running install_scripts
[0.413s] Installing alert script to /home/fourfold/dev/inmind sessions/inmind-session-5/session-5-assignment-firas/ros2_assignment/install/temp_monitor/lib/temp_monitor
[0.413s] Installing temperature_alert script to /home/fourfold/dev/inmind sessions/inmind-session-5/session-5-assignment-firas/ros2_assignment/install/temp_monitor/lib/temp_monitor
[0.413s] Installing temperature_sensor script to /home/fourfold/dev/inmind sessions/inmind-session-5/session-5-assignment-firas/ros2_assignment/install/temp_monitor/lib/temp_monitor
[0.413s] writing list of installed files to '/home/fourfold/dev/inmind sessions/inmind-session-5/session-5-assignment-firas/ros2_assignment/build/temp_monitor/install.log'
[0.425s] Invoked command in '/home/fourfold/dev/inmind sessions/inmind-session-5/session-5-assignment-firas/ros2_assignment/src/temp_monitor' returned '0': PYTHONPATH=/home/fourfold/dev/inmind sessions/inmind-session-5/session-5-assignment-firas/ros2_assignment/build/temp_monitor/prefix_override:/usr/lib/python3/dist-packages/colcon_core/task/python/colcon_distutils_commands:/home/fourfold/dev/inmind sessions/inmind-session-5/session-5-assignment-firas/ros2_assignment/install/temp_monitor/lib/python3.10/site-packages:${PYTHONPATH} /usr/bin/python3 -W ignore:setup.py install is deprecated setup.py egg_info --egg-base ../../build/temp_monitor build --build-base /home/fourfold/dev/inmind sessions/inmind-session-5/session-5-assignment-firas/ros2_assignment/build/temp_monitor/build install --record /home/fourfold/dev/inmind sessions/inmind-session-5/session-5-assignment-firas/ros2_assignment/build/temp_monitor/install.log --single-version-externally-managed install_data
