running egg_info
creating ../../build/temp_monitor/temp_monitor.egg-info
writing ../../build/temp_monitor/temp_monitor.egg-info/PKG-INFO
writing dependency_links to ../../build/temp_monitor/temp_monitor.egg-info/dependency_links.txt
writing entry points to ../../build/temp_monitor/temp_monitor.egg-info/entry_points.txt
writing requirements to ../../build/temp_monitor/temp_monitor.egg-info/requires.txt
writing top-level names to ../../build/temp_monitor/temp_monitor.egg-info/top_level.txt
writing manifest file '../../build/temp_monitor/temp_monitor.egg-info/SOURCES.txt'
reading manifest file '../../build/temp_monitor/temp_monitor.egg-info/SOURCES.txt'
writing manifest file '../../build/temp_monitor/temp_monitor.egg-info/SOURCES.txt'
running build
running build_py
creating /home/fourfold/dev/inmind sessions/inmind-session-5/session-5-assignment-firas/ros2_assignment/build/temp_monitor/build
creating /home/fourfold/dev/inmind sessions/inmind-session-5/session-5-assignment-firas/ros2_assignment/build/temp_monitor/build/lib
creating /home/fourfold/dev/inmind sessions/inmind-session-5/session-5-assignment-firas/ros2_assignment/build/temp_monitor/build/lib/temp_monitor
copying temp_monitor/temperature_publisher.py -> /home/fourfold/dev/inmind sessions/inmind-session-5/session-5-assignment-firas/ros2_assignment/build/temp_monitor/build/lib/temp_monitor
copying temp_monitor/threshold_subscriber.py -> /home/fourfold/dev/inmind sessions/inmind-session-5/session-5-assignment-firas/ros2_assignment/build/temp_monitor/build/lib/temp_monitor
copying temp_monitor/__init__.py -> /home/fourfold/dev/inmind sessions/inmind-session-5/session-5-assignment-firas/ros2_assignment/build/temp_monitor/build/lib/temp_monitor
copying temp_monitor/alert_publisher.py -> /home/fourfold/dev/inmind sessions/inmind-session-5/session-5-assignment-firas/ros2_assignment/build/temp_monitor/build/lib/temp_monitor
running install
running install_lib
creating /home/fourfold/dev/inmind sessions/inmind-session-5/session-5-assignment-firas/ros2_assignment/install/temp_monitor/lib/python3.10/site-packages/temp_monitor
copying /home/fourfold/dev/inmind sessions/inmind-session-5/session-5-assignment-firas/ros2_assignment/build/temp_monitor/build/lib/temp_monitor/temperature_publisher.py -> /home/fourfold/dev/inmind sessions/inmind-session-5/session-5-assignment-firas/ros2_assignment/install/temp_monitor/lib/python3.10/site-packages/temp_monitor
copying /home/fourfold/dev/inmind sessions/inmind-session-5/session-5-assignment-firas/ros2_assignment/build/temp_monitor/build/lib/temp_monitor/threshold_subscriber.py -> /home/fourfold/dev/inmind sessions/inmind-session-5/session-5-assignment-firas/ros2_assignment/install/temp_monitor/lib/python3.10/site-packages/temp_monitor
copying /home/fourfold/dev/inmind sessions/inmind-session-5/session-5-assignment-firas/ros2_assignment/build/temp_monitor/build/lib/temp_monitor/__init__.py -> /home/fourfold/dev/inmind sessions/inmind-session-5/session-5-assignment-firas/ros2_assignment/install/temp_monitor/lib/python3.10/site-packages/temp_monitor
copying /home/fourfold/dev/inmind sessions/inmind-session-5/session-5-assignment-firas/ros2_assignment/build/temp_monitor/build/lib/temp_monitor/alert_publisher.py -> /home/fourfold/dev/inmind sessions/inmind-session-5/session-5-assignment-firas/ros2_assignment/install/temp_monitor/lib/python3.10/site-packages/temp_monitor
byte-compiling /home/fourfold/dev/inmind sessions/inmind-session-5/session-5-assignment-firas/ros2_assignment/install/temp_monitor/lib/python3.10/site-packages/temp_monitor/temperature_publisher.py to temperature_publisher.cpython-310.pyc
byte-compiling /home/fourfold/dev/inmind sessions/inmind-session-5/session-5-assignment-firas/ros2_assignment/install/temp_monitor/lib/python3.10/site-packages/temp_monitor/threshold_subscriber.py to threshold_subscriber.cpython-310.pyc
byte-compiling /home/fourfold/dev/inmind sessions/inmind-session-5/session-5-assignment-firas/ros2_assignment/install/temp_monitor/lib/python3.10/site-packages/temp_monitor/__init__.py to __init__.cpython-310.pyc
byte-compiling /home/fourfold/dev/inmind sessions/inmind-session-5/session-5-assignment-firas/ros2_assignment/install/temp_monitor/lib/python3.10/site-packages/temp_monitor/alert_publisher.py to alert_publisher.cpython-310.pyc
running install_data
creating /home/fourfold/dev/inmind sessions/inmind-session-5/session-5-assignment-firas/ros2_assignment/install/temp_monitor/share/ament_index
creating /home/fourfold/dev/inmind sessions/inmind-session-5/session-5-assignment-firas/ros2_assignment/install/temp_monitor/share/ament_index/resource_index
creating /home/fourfold/dev/inmind sessions/inmind-session-5/session-5-assignment-firas/ros2_assignment/install/temp_monitor/share/ament_index/resource_index/packages
copying resource/temp_monitor -> /home/fourfold/dev/inmind sessions/inmind-session-5/session-5-assignment-firas/ros2_assignment/install/temp_monitor/share/ament_index/resource_index/packages
copying package.xml -> /home/fourfold/dev/inmind sessions/inmind-session-5/session-5-assignment-firas/ros2_assignment/install/temp_monitor/share/temp_monitor
running install_egg_info
Copying ../../build/temp_monitor/temp_monitor.egg-info to /home/fourfold/dev/inmind sessions/inmind-session-5/session-5-assignment-firas/ros2_assignment/install/temp_monitor/lib/python3.10/site-packages/temp_monitor-0.0.0-py3.10.egg-info
running install_scripts
writing list of installed files to '/home/fourfold/dev/inmind sessions/inmind-session-5/session-5-assignment-firas/ros2_assignment/build/temp_monitor/install.log'
