[0.296s] Invoking command in '/home/fourfold/dev/inmind sessions/inmind-session-5/session-5-assignment-firas/ros2_assignment/src/temp_monitor': PYTHONPATH=/home/fourfold/dev/inmind sessions/inmind-session-5/session-5-assignment-firas/ros2_assignment/build/temp_monitor/prefix_override:/usr/lib/python3/dist-packages/colcon_core/task/python/colcon_distutils_commands:/home/fourfold/dev/inmind sessions/inmind-session-5/session-5-assignment-firas/ros2_assignment/install/temp_monitor/lib/python3.10/site-packages:${PYTHONPATH} /usr/bin/python3 -W ignore:setup.py install is deprecated setup.py egg_info --egg-base ../../build/temp_monitor build --build-base /home/fourfold/dev/inmind sessions/inmind-session-5/session-5-assignment-firas/ros2_assignment/build/temp_monitor/build install --record /home/fourfold/dev/inmind sessions/inmind-session-5/session-5-assignment-firas/ros2_assignment/build/temp_monitor/install.log --single-version-externally-managed install_data
[0.407s] running egg_info
[0.407s] creating ../../build/temp_monitor/temp_monitor.egg-info
[0.407s] writing ../../build/temp_monitor/temp_monitor.egg-info/PKG-INFO
[0.407s] writing dependency_links to ../../build/temp_monitor/temp_monitor.egg-info/dependency_links.txt
[0.407s] writing entry points to ../../build/temp_monitor/temp_monitor.egg-info/entry_points.txt
[0.407s] writing requirements to ../../build/temp_monitor/temp_monitor.egg-info/requires.txt
[0.407s] writing top-level names to ../../build/temp_monitor/temp_monitor.egg-info/top_level.txt
[0.407s] writing manifest file '../../build/temp_monitor/temp_monitor.egg-info/SOURCES.txt'
[0.408s] reading manifest file '../../build/temp_monitor/temp_monitor.egg-info/SOURCES.txt'
[0.408s] writing manifest file '../../build/temp_monitor/temp_monitor.egg-info/SOURCES.txt'
[0.408s] running build
[0.408s] running build_py
[0.409s] creating /home/fourfold/dev/inmind sessions/inmind-session-5/session-5-assignment-firas/ros2_assignment/build/temp_monitor/build
[0.409s] creating /home/fourfold/dev/inmind sessions/inmind-session-5/session-5-assignment-firas/ros2_assignment/build/temp_monitor/build/lib
[0.409s] creating /home/fourfold/dev/inmind sessions/inmind-session-5/session-5-assignment-firas/ros2_assignment/build/temp_monitor/build/lib/temp_monitor
[0.409s] copying temp_monitor/temperature_publisher.py -> /home/fourfold/dev/inmind sessions/inmind-session-5/session-5-assignment-firas/ros2_assignment/build/temp_monitor/build/lib/temp_monitor
[0.409s] copying temp_monitor/threshold_subscriber.py -> /home/fourfold/dev/inmind sessions/inmind-session-5/session-5-assignment-firas/ros2_assignment/build/temp_monitor/build/lib/temp_monitor
[0.409s] copying temp_monitor/__init__.py -> /home/fourfold/dev/inmind sessions/inmind-session-5/session-5-assignment-firas/ros2_assignment/build/temp_monitor/build/lib/temp_monitor
[0.409s] copying temp_monitor/alert_publisher.py -> /home/fourfold/dev/inmind sessions/inmind-session-5/session-5-assignment-firas/ros2_assignment/build/temp_monitor/build/lib/temp_monitor
[0.409s] running install
[0.409s] running install_lib
[0.409s] creating /home/fourfold/dev/inmind sessions/inmind-session-5/session-5-assignment-firas/ros2_assignment/install/temp_monitor/lib/python3.10/site-packages/temp_monitor
[0.409s] copying /home/fourfold/dev/inmind sessions/inmind-session-5/session-5-assignment-firas/ros2_assignment/build/temp_monitor/build/lib/temp_monitor/temperature_publisher.py -> /home/fourfold/dev/inmind sessions/inmind-session-5/session-5-assignment-firas/ros2_assignment/install/temp_monitor/lib/python3.10/site-packages/temp_monitor
[0.409s] copying /home/fourfold/dev/inmind sessions/inmind-session-5/session-5-assignment-firas/ros2_assignment/build/temp_monitor/build/lib/temp_monitor/threshold_subscriber.py -> /home/fourfold/dev/inmind sessions/inmind-session-5/session-5-assignment-firas/ros2_assignment/install/temp_monitor/lib/python3.10/site-packages/temp_monitor
[0.410s] copying /home/fourfold/dev/inmind sessions/inmind-session-5/session-5-assignment-firas/ros2_assignment/build/temp_monitor/build/lib/temp_monitor/__init__.py -> /home/fourfold/dev/inmind sessions/inmind-session-5/session-5-assignment-firas/ros2_assignment/install/temp_monitor/lib/python3.10/site-packages/temp_monitor
[0.410s] copying /home/fourfold/dev/inmind sessions/inmind-session-5/session-5-assignment-firas/ros2_assignment/build/temp_monitor/build/lib/temp_monitor/alert_publisher.py -> /home/fourfold/dev/inmind sessions/inmind-session-5/session-5-assignment-firas/ros2_assignment/install/temp_monitor/lib/python3.10/site-packages/temp_monitor
[0.410s] byte-compiling /home/fourfold/dev/inmind sessions/inmind-session-5/session-5-assignment-firas/ros2_assignment/install/temp_monitor/lib/python3.10/site-packages/temp_monitor/temperature_publisher.py to temperature_publisher.cpython-310.pyc
[0.410s] byte-compiling /home/fourfold/dev/inmind sessions/inmind-session-5/session-5-assignment-firas/ros2_assignment/install/temp_monitor/lib/python3.10/site-packages/temp_monitor/threshold_subscriber.py to threshold_subscriber.cpython-310.pyc
[0.410s] byte-compiling /home/fourfold/dev/inmind sessions/inmind-session-5/session-5-assignment-firas/ros2_assignment/install/temp_monitor/lib/python3.10/site-packages/temp_monitor/__init__.py to __init__.cpython-310.pyc
[0.410s] byte-compiling /home/fourfold/dev/inmind sessions/inmind-session-5/session-5-assignment-firas/ros2_assignment/install/temp_monitor/lib/python3.10/site-packages/temp_monitor/alert_publisher.py to alert_publisher.cpython-310.pyc
[0.410s] running install_data
[0.410s] creating /home/fourfold/dev/inmind sessions/inmind-session-5/session-5-assignment-firas/ros2_assignment/install/temp_monitor/share/ament_index
[0.410s] creating /home/fourfold/dev/inmind sessions/inmind-session-5/session-5-assignment-firas/ros2_assignment/install/temp_monitor/share/ament_index/resource_index
[0.411s] creating /home/fourfold/dev/inmind sessions/inmind-session-5/session-5-assignment-firas/ros2_assignment/install/temp_monitor/share/ament_index/resource_index/packages
[0.411s] copying resource/temp_monitor -> /home/fourfold/dev/inmind sessions/inmind-session-5/session-5-assignment-firas/ros2_assignment/install/temp_monitor/share/ament_index/resource_index/packages
[0.411s] copying package.xml -> /home/fourfold/dev/inmind sessions/inmind-session-5/session-5-assignment-firas/ros2_assignment/install/temp_monitor/share/temp_monitor
[0.411s] running install_egg_info
[0.411s] Copying ../../build/temp_monitor/temp_monitor.egg-info to /home/fourfold/dev/inmind sessions/inmind-session-5/session-5-assignment-firas/ros2_assignment/install/temp_monitor/lib/python3.10/site-packages/temp_monitor-0.0.0-py3.10.egg-info
[0.412s] running install_scripts
[0.423s] writing list of installed files to '/home/fourfold/dev/inmind sessions/inmind-session-5/session-5-assignment-firas/ros2_assignment/build/temp_monitor/install.log'
[0.436s] Invoked command in '/home/fourfold/dev/inmind sessions/inmind-session-5/session-5-assignment-firas/ros2_assignment/src/temp_monitor' returned '0': PYTHONPATH=/home/fourfold/dev/inmind sessions/inmind-session-5/session-5-assignment-firas/ros2_assignment/build/temp_monitor/prefix_override:/usr/lib/python3/dist-packages/colcon_core/task/python/colcon_distutils_commands:/home/fourfold/dev/inmind sessions/inmind-session-5/session-5-assignment-firas/ros2_assignment/install/temp_monitor/lib/python3.10/site-packages:${PYTHONPATH} /usr/bin/python3 -W ignore:setup.py install is deprecated setup.py egg_info --egg-base ../../build/temp_monitor build --build-base /home/fourfold/dev/inmind sessions/inmind-session-5/session-5-assignment-firas/ros2_assignment/build/temp_monitor/build install --record /home/fourfold/dev/inmind sessions/inmind-session-5/session-5-assignment-firas/ros2_assignment/build/temp_monitor/install.log --single-version-externally-managed install_data
